2025-10-03 11:29:15,230 - distributed.nanny - INFO -         Start Nanny at: 'tcp://192.168.86.108:39766'
2025-10-03 11:29:16,093 - distributed.diskutils - INFO - Found stale lock file and directory '/home1/zrentala/dask-worker-space/dask-scratch-space/worker-ty3qyx6m', purging
2025-10-03 11:29:16,095 - distributed.diskutils - INFO - Found stale lock file and directory '/home1/zrentala/dask-worker-space/dask-scratch-space/worker-7epp60uw', purging
2025-10-03 11:29:16,097 - distributed.diskutils - INFO - Found stale lock file and directory '/home1/zrentala/dask-worker-space/dask-scratch-space/worker-mzfem0gw', purging
2025-10-03 11:29:16,577 - distributed.worker - INFO -       Start worker at: tcp://192.168.86.108:35052
2025-10-03 11:29:16,577 - distributed.worker - INFO -          Listening to: tcp://192.168.86.108:35052
2025-10-03 11:29:16,577 - distributed.worker - INFO -           Worker name:             SLURMCluster-3
2025-10-03 11:29:16,577 - distributed.worker - INFO -          dashboard at:       192.168.86.108:42604
2025-10-03 11:29:16,577 - distributed.worker - INFO - Waiting to connect to: tcp://192.168.86.108:45752
2025-10-03 11:29:16,577 - distributed.worker - INFO - -------------------------------------------------
2025-10-03 11:29:16,577 - distributed.worker - INFO -               Threads:                          1
2025-10-03 11:29:16,577 - distributed.worker - INFO -                Memory:                   9.31 GiB
2025-10-03 11:29:16,577 - distributed.worker - INFO -       Local Directory: /home1/zrentala/dask-worker-space/dask-scratch-space/worker-qavm6jti
2025-10-03 11:29:16,577 - distributed.worker - INFO - -------------------------------------------------
2025-10-03 11:29:16,916 - distributed.worker - INFO - Starting Worker plugin shuffle
2025-10-03 11:29:16,917 - distributed.worker - INFO -         Registered to: tcp://192.168.86.108:45752
2025-10-03 11:29:16,917 - distributed.worker - INFO - -------------------------------------------------
2025-10-03 11:29:16,917 - distributed.core - INFO - Starting established connection to tcp://192.168.86.108:45752
2025-10-03 11:29:17,057 - distributed.worker - WARNING - Compute Failed
Key:       optimize_subject_multi-381b0734-93a4-41ff-bea4-fd2cc8a38b1f
Function:  execute_task
args:      ((<function optimize_subject_multi at 0x2b91955bb9c0>, 'Optimization_Results_Multi', 'LTP589', (<class 'dict'>, [['LTP564', (<class 'dict'>, [['recall_rate', 0.6644628099173554], ['first_recall', array([0.04878049, 0.07317073, 0.02439024, 0.07317073, 0.07317073,
       0.02439024, 0.02439024, 0.04878049, 0.        , 0.        ,
       0.02439024, 0.02439024, 0.        , 0.14634146, 0.41463415])], ['lag_crp', array([0.10714286, 0.02173913, 0.07936508, 0.15068493, 0.07058824,
       0.09183673, 0.1       , 0.06015038, 0.10958904, 0.11038961,
       0.09302326, 0.08095238, 0.11627907, 0.13807531, 0.        ,
       0.17596567, 0.12037037, 0.11578947, 0.0974359 , 0.11176471,
       0.05063291, 0.11764706, 0.06034483, 0.10576923, 0.07608696,
       0.05882353, 0.        , 0.03448276, 0.11111111])]])], ['LTP565', (<class 'dict'>, [['recall_rate', 0.7995337995337995], ['first_recall', array([0.5       , 0.        , 0.        , 0.        , 0.        ,
       0.        , 0.        , 0.        ,
kwargs:    {}
Exception: "KeyError('target_crp')"

2025-10-03 11:29:17,075 - distributed.worker - WARNING - Compute Failed
Key:       optimize_subject_multi-325a3e30-bfd7-4239-af25-0423ce62db8f
Function:  execute_task
args:      ((<function optimize_subject_multi at 0x2b91959d9260>, 'Optimization_Results_Multi', 'LTP572', (<class 'dict'>, [['LTP564', (<class 'dict'>, [['recall_rate', 0.6644628099173554], ['first_recall', array([0.04878049, 0.07317073, 0.02439024, 0.07317073, 0.07317073,
       0.02439024, 0.02439024, 0.04878049, 0.        , 0.        ,
       0.02439024, 0.02439024, 0.        , 0.14634146, 0.41463415])], ['lag_crp', array([0.10714286, 0.02173913, 0.07936508, 0.15068493, 0.07058824,
       0.09183673, 0.1       , 0.06015038, 0.10958904, 0.11038961,
       0.09302326, 0.08095238, 0.11627907, 0.13807531, 0.        ,
       0.17596567, 0.12037037, 0.11578947, 0.0974359 , 0.11176471,
       0.05063291, 0.11764706, 0.06034483, 0.10576923, 0.07608696,
       0.05882353, 0.        , 0.03448276, 0.11111111])]])], ['LTP565', (<class 'dict'>, [['recall_rate', 0.7995337995337995], ['first_recall', array([0.5       , 0.        , 0.        , 0.        , 0.        ,
       0.        , 0.        , 0.        ,
kwargs:    {}
Exception: "KeyError('target_crp')"

2025-10-03 11:29:17,107 - distributed.worker - WARNING - Compute Failed
Key:       optimize_subject_multi-6fd1329b-805b-443b-a2b3-038a44c8472c
Function:  execute_task
args:      ((<function optimize_subject_multi at 0x2b91959d9c60>, 'Optimization_Results_Multi', 'LTP579', (<class 'dict'>, [['LTP564', (<class 'dict'>, [['recall_rate', 0.6644628099173554], ['first_recall', array([0.04878049, 0.07317073, 0.02439024, 0.07317073, 0.07317073,
       0.02439024, 0.02439024, 0.04878049, 0.        , 0.        ,
       0.02439024, 0.02439024, 0.        , 0.14634146, 0.41463415])], ['lag_crp', array([0.10714286, 0.02173913, 0.07936508, 0.15068493, 0.07058824,
       0.09183673, 0.1       , 0.06015038, 0.10958904, 0.11038961,
       0.09302326, 0.08095238, 0.11627907, 0.13807531, 0.        ,
       0.17596567, 0.12037037, 0.11578947, 0.0974359 , 0.11176471,
       0.05063291, 0.11764706, 0.06034483, 0.10576923, 0.07608696,
       0.05882353, 0.        , 0.03448276, 0.11111111])]])], ['LTP565', (<class 'dict'>, [['recall_rate', 0.7995337995337995], ['first_recall', array([0.5       , 0.        , 0.        , 0.        , 0.        ,
       0.        , 0.        , 0.        ,
kwargs:    {}
Exception: "KeyError('target_crp')"

2025-10-03 11:29:17,145 - distributed.worker - WARNING - Compute Failed
Key:       optimize_subject_multi-70e0526f-31e8-4d15-9358-34a0ce5d0b57
Function:  execute_task
args:      ((<function optimize_subject_multi at 0x2b91959da020>, 'Optimization_Results_Multi', 'LTP583', (<class 'dict'>, [['LTP564', (<class 'dict'>, [['recall_rate', 0.6644628099173554], ['first_recall', array([0.04878049, 0.07317073, 0.02439024, 0.07317073, 0.07317073,
       0.02439024, 0.02439024, 0.04878049, 0.        , 0.        ,
       0.02439024, 0.02439024, 0.        , 0.14634146, 0.41463415])], ['lag_crp', array([0.10714286, 0.02173913, 0.07936508, 0.15068493, 0.07058824,
       0.09183673, 0.1       , 0.06015038, 0.10958904, 0.11038961,
       0.09302326, 0.08095238, 0.11627907, 0.13807531, 0.        ,
       0.17596567, 0.12037037, 0.11578947, 0.0974359 , 0.11176471,
       0.05063291, 0.11764706, 0.06034483, 0.10576923, 0.07608696,
       0.05882353, 0.        , 0.03448276, 0.11111111])]])], ['LTP565', (<class 'dict'>, [['recall_rate', 0.7995337995337995], ['first_recall', array([0.5       , 0.        , 0.        , 0.        , 0.        ,
       0.        , 0.        , 0.        ,
kwargs:    {}
Exception: "KeyError('target_crp')"

slurmstepd: error: *** JOB 3081520 ON node08 CANCELLED AT 2025-10-03T11:29:19 ***
2025-10-03 11:29:19,709 - distributed.worker - INFO - Stopping worker at tcp://192.168.86.108:35052. Reason: scheduler-remove-worker
2025-10-03 11:29:19,712 - distributed.nanny - INFO - Closing Nanny gracefully at 'tcp://192.168.86.108:39766'. Reason: scheduler-remove-worker
